<?xml version="1.0" encoding="UTF-8"?>
<testng-results skipped="0" failed="0" ignored="0" total="1" passed="1">
  <reporter-output>
  </reporter-output>
  <suite name="Suite" duration-ms="24303" started-at="2017-12-06T11:36:58Z" finished-at="2017-12-06T11:37:23Z">
    <groups>
    </groups>
    <test name="Test" duration-ms="24303" started-at="2017-12-06T11:36:58Z" finished-at="2017-12-06T11:37:23Z">
      <class name="myjenkins.Exp">
        <test-method status="PASS" signature="testgooglrsearch()[pri:0, instance:myjenkins.Exp@4ca8195f]" name="testgooglrsearch" duration-ms="24267" started-at="2017-12-06T17:06:58Z" finished-at="2017-12-06T17:07:23Z">
          <reporter-output>
          </reporter-output>
        </test-method> <!-- testgooglrsearch -->
      </class> <!-- myjenkins.Exp -->
    </test> <!-- Test -->
  </suite> <!-- Suite -->
</testng-results>
